<?xml version="1.0" encoding="UTF-8"?>
<!-- Generated by org.testng.reporters.JUnitXMLReporter -->
<testsuite hostname="DESKTOP-RVG9CG3" ignored="0" name="Default test" tests="5" failures="0" timestamp="05 ago 2019 19:20:00 GMT" time="128.05" errors="0">
  <testcase name="DataDriveOrder" time="68.688" classname="TestForm.DataDriveFormTest"/>
  <testcase name="signUp" time="5.572" classname="TestForm.SignUpFormTest"/>
  <testcase name="editAccount" time="5.394" classname="TestForm.EditAccountFormTest"/>
  <testcase name="searchProduct" time="12.895" classname="TestForm.SearchProductFormTest"/>
  <testcase name="RegisterOrder" time="15.194" classname="TestForm.RegisterOrderFormTest"/>
</testsuite> <!-- Default test -->
