<?xml version="1.0" encoding="UTF-8"?>
<testng-results skipped="0" failed="0" ignored="0" total="1" passed="1">
  <reporter-output>
  </reporter-output>
  <suite name="Default suite" duration-ms="80069" started-at="2019-07-30T14:26:33Z" finished-at="2019-07-30T14:27:53Z">
    <groups>
    </groups>
    <test name="Default test" duration-ms="80069" started-at="2019-07-30T14:26:33Z" finished-at="2019-07-30T14:27:53Z">
      <class name="entregaFinal.DataDriveFormTest">
        <test-method status="PASS" signature="setUp()[pri:0, instance:entregaFinal.DataDriveFormTest@c038203]" name="setUp" is-config="true" duration-ms="3240" started-at="2019-07-30T14:26:33Z" finished-at="2019-07-30T14:26:36Z">
          <reporter-output>
          </reporter-output>
        </test-method> <!-- setUp -->
        <test-method status="PASS" signature="setTime()[pri:0, instance:entregaFinal.DataDriveFormTest@c038203]" name="setTime" is-config="true" duration-ms="16" started-at="2019-07-30T14:26:36Z" finished-at="2019-07-30T14:26:36Z">
          <reporter-output>
          </reporter-output>
        </test-method> <!-- setTime -->
        <test-method status="PASS" signature="DataDriveOrder()[pri:0, instance:entregaFinal.DataDriveFormTest@c038203]" name="DataDriveOrder" duration-ms="75910" started-at="2019-07-30T14:26:36Z" finished-at="2019-07-30T14:27:52Z">
          <reporter-output>
          </reporter-output>
        </test-method> <!-- DataDriveOrder -->
        <test-method status="PASS" signature="cleanUp()[pri:0, instance:entregaFinal.DataDriveFormTest@c038203]" name="cleanUp" is-config="true" duration-ms="15" started-at="2019-07-30T14:27:52Z" finished-at="2019-07-30T14:27:52Z">
          <reporter-output>
          </reporter-output>
        </test-method> <!-- cleanUp -->
        <test-method status="PASS" signature="tearDown()[pri:0, instance:entregaFinal.DataDriveFormTest@c038203]" name="tearDown" is-config="true" duration-ms="872" started-at="2019-07-30T14:27:52Z" finished-at="2019-07-30T14:27:53Z">
          <reporter-output>
          </reporter-output>
        </test-method> <!-- tearDown -->
      </class> <!-- entregaFinal.DataDriveFormTest -->
    </test> <!-- Default test -->
  </suite> <!-- Default suite -->
</testng-results>
