<?xml version="1.0" encoding="UTF-8"?>
<testng-results skipped="0" failed="0" ignored="0" total="5" passed="5">
  <reporter-output>
  </reporter-output>
  <suite name="Default suite" duration-ms="128050" started-at="2019-08-05T19:17:51Z" finished-at="2019-08-05T19:19:59Z">
    <groups>
    </groups>
    <test name="Default test" duration-ms="128050" started-at="2019-08-05T19:17:51Z" finished-at="2019-08-05T19:19:59Z">
      <class name="TestForm.SignUpFormTest">
        <test-method status="PASS" signature="setUp()[pri:0, instance:TestForm.SignUpFormTest@4f7d0008]" name="setUp" is-config="true" duration-ms="3216" started-at="2019-08-05T19:19:04Z" finished-at="2019-08-05T19:19:08Z">
          <reporter-output>
          </reporter-output>
        </test-method> <!-- setUp -->
        <test-method status="PASS" signature="setTime()[pri:0, instance:TestForm.SignUpFormTest@4f7d0008]" name="setTime" is-config="true" duration-ms="4" started-at="2019-08-05T19:19:08Z" finished-at="2019-08-05T19:19:08Z">
          <reporter-output>
          </reporter-output>
        </test-method> <!-- setTime -->
        <test-method status="PASS" signature="signUp()[pri:0, instance:TestForm.SignUpFormTest@4f7d0008]" name="signUp" duration-ms="5572" started-at="2019-08-05T19:19:08Z" finished-at="2019-08-05T19:19:13Z">
          <reporter-output>
          </reporter-output>
        </test-method> <!-- signUp -->
        <test-method status="PASS" signature="cleanUp()[pri:0, instance:TestForm.SignUpFormTest@4f7d0008]" name="cleanUp" is-config="true" duration-ms="6" started-at="2019-08-05T19:19:13Z" finished-at="2019-08-05T19:19:13Z">
          <reporter-output>
          </reporter-output>
        </test-method> <!-- cleanUp -->
        <test-method status="PASS" signature="tearDown()[pri:0, instance:TestForm.SignUpFormTest@4f7d0008]" name="tearDown" is-config="true" duration-ms="1104" started-at="2019-08-05T19:19:13Z" finished-at="2019-08-05T19:19:14Z">
          <reporter-output>
          </reporter-output>
        </test-method> <!-- tearDown -->
      </class> <!-- TestForm.SignUpFormTest -->
      <class name="TestForm.SearchProductFormTest">
        <test-method status="PASS" signature="setUp()[pri:0, instance:TestForm.SearchProductFormTest@42dafa95]" name="setUp" is-config="true" duration-ms="2722" started-at="2019-08-05T19:19:24Z" finished-at="2019-08-05T19:19:26Z">
          <reporter-output>
          </reporter-output>
        </test-method> <!-- setUp -->
        <test-method status="PASS" signature="setTime()[pri:0, instance:TestForm.SearchProductFormTest@42dafa95]" name="setTime" is-config="true" duration-ms="3" started-at="2019-08-05T19:19:26Z" finished-at="2019-08-05T19:19:26Z">
          <reporter-output>
          </reporter-output>
        </test-method> <!-- setTime -->
        <test-method status="PASS" signature="searchProduct()[pri:0, instance:TestForm.SearchProductFormTest@42dafa95]" name="searchProduct" duration-ms="12895" started-at="2019-08-05T19:19:26Z" finished-at="2019-08-05T19:19:39Z">
          <reporter-output>
          </reporter-output>
        </test-method> <!-- searchProduct -->
        <test-method status="PASS" signature="cleanUp()[pri:0, instance:TestForm.SearchProductFormTest@42dafa95]" name="cleanUp" is-config="true" duration-ms="3" started-at="2019-08-05T19:19:39Z" finished-at="2019-08-05T19:19:39Z">
          <reporter-output>
          </reporter-output>
        </test-method> <!-- cleanUp -->
        <test-method status="PASS" signature="tearDown()[pri:0, instance:TestForm.SearchProductFormTest@42dafa95]" name="tearDown" is-config="true" duration-ms="1152" started-at="2019-08-05T19:19:39Z" finished-at="2019-08-05T19:19:40Z">
          <reporter-output>
          </reporter-output>
        </test-method> <!-- tearDown -->
      </class> <!-- TestForm.SearchProductFormTest -->
      <class name="TestForm.EditAccountFormTest">
        <test-method status="PASS" signature="setUp()[pri:0, instance:TestForm.EditAccountFormTest@271053e1]" name="setUp" is-config="true" duration-ms="2705" started-at="2019-08-05T19:19:14Z" finished-at="2019-08-05T19:19:17Z">
          <reporter-output>
          </reporter-output>
        </test-method> <!-- setUp -->
        <test-method status="PASS" signature="setTime()[pri:0, instance:TestForm.EditAccountFormTest@271053e1]" name="setTime" is-config="true" duration-ms="2" started-at="2019-08-05T19:19:17Z" finished-at="2019-08-05T19:19:17Z">
          <reporter-output>
          </reporter-output>
        </test-method> <!-- setTime -->
        <test-method status="PASS" signature="editAccount()[pri:0, instance:TestForm.EditAccountFormTest@271053e1]" name="editAccount" duration-ms="5394" started-at="2019-08-05T19:19:17Z" finished-at="2019-08-05T19:19:22Z">
          <reporter-output>
          </reporter-output>
        </test-method> <!-- editAccount -->
        <test-method status="PASS" signature="cleanUp()[pri:0, instance:TestForm.EditAccountFormTest@271053e1]" name="cleanUp" is-config="true" duration-ms="4" started-at="2019-08-05T19:19:22Z" finished-at="2019-08-05T19:19:22Z">
          <reporter-output>
          </reporter-output>
        </test-method> <!-- cleanUp -->
        <test-method status="PASS" signature="tearDown()[pri:0, instance:TestForm.EditAccountFormTest@271053e1]" name="tearDown" is-config="true" duration-ms="1100" started-at="2019-08-05T19:19:22Z" finished-at="2019-08-05T19:19:24Z">
          <reporter-output>
          </reporter-output>
        </test-method> <!-- tearDown -->
      </class> <!-- TestForm.EditAccountFormTest -->
      <class name="TestForm.RegisterOrderFormTest">
        <test-method status="PASS" signature="setUp()[pri:0, instance:TestForm.RegisterOrderFormTest@589838eb]" name="setUp" is-config="true" duration-ms="2696" started-at="2019-08-05T19:19:40Z" finished-at="2019-08-05T19:19:43Z">
          <reporter-output>
          </reporter-output>
        </test-method> <!-- setUp -->
        <test-method status="PASS" signature="setTime()[pri:0, instance:TestForm.RegisterOrderFormTest@589838eb]" name="setTime" is-config="true" duration-ms="4" started-at="2019-08-05T19:19:43Z" finished-at="2019-08-05T19:19:43Z">
          <reporter-output>
          </reporter-output>
        </test-method> <!-- setTime -->
        <test-method status="PASS" signature="RegisterOrder()[pri:0, instance:TestForm.RegisterOrderFormTest@589838eb]" name="RegisterOrder" duration-ms="15194" started-at="2019-08-05T19:19:43Z" finished-at="2019-08-05T19:19:58Z">
          <reporter-output>
          </reporter-output>
        </test-method> <!-- RegisterOrder -->
        <test-method status="PASS" signature="cleanUp()[pri:0, instance:TestForm.RegisterOrderFormTest@589838eb]" name="cleanUp" is-config="true" duration-ms="3" started-at="2019-08-05T19:19:58Z" finished-at="2019-08-05T19:19:58Z">
          <reporter-output>
          </reporter-output>
        </test-method> <!-- cleanUp -->
        <test-method status="PASS" signature="tearDown()[pri:0, instance:TestForm.RegisterOrderFormTest@589838eb]" name="tearDown" is-config="true" duration-ms="1252" started-at="2019-08-05T19:19:58Z" finished-at="2019-08-05T19:19:59Z">
          <reporter-output>
          </reporter-output>
        </test-method> <!-- tearDown -->
      </class> <!-- TestForm.RegisterOrderFormTest -->
      <class name="TestForm.DataDriveFormTest">
        <test-method status="PASS" signature="setUp()[pri:0, instance:TestForm.DataDriveFormTest@553f17c]" name="setUp" is-config="true" duration-ms="3362" started-at="2019-08-05T19:17:51Z" finished-at="2019-08-05T19:17:55Z">
          <reporter-output>
          </reporter-output>
        </test-method> <!-- setUp -->
        <test-method status="PASS" signature="setTime()[pri:0, instance:TestForm.DataDriveFormTest@553f17c]" name="setTime" is-config="true" duration-ms="4" started-at="2019-08-05T19:17:55Z" finished-at="2019-08-05T19:17:55Z">
          <reporter-output>
          </reporter-output>
        </test-method> <!-- setTime -->
        <test-method status="PASS" signature="DataDriveOrder()[pri:0, instance:TestForm.DataDriveFormTest@553f17c]" name="DataDriveOrder" duration-ms="68688" started-at="2019-08-05T19:17:55Z" finished-at="2019-08-05T19:19:04Z">
          <reporter-output>
          </reporter-output>
        </test-method> <!-- DataDriveOrder -->
        <test-method status="PASS" signature="cleanUp()[pri:0, instance:TestForm.DataDriveFormTest@553f17c]" name="cleanUp" is-config="true" duration-ms="4" started-at="2019-08-05T19:19:04Z" finished-at="2019-08-05T19:19:04Z">
          <reporter-output>
          </reporter-output>
        </test-method> <!-- cleanUp -->
        <test-method status="PASS" signature="tearDown()[pri:0, instance:TestForm.DataDriveFormTest@553f17c]" name="tearDown" is-config="true" duration-ms="936" started-at="2019-08-05T19:19:04Z" finished-at="2019-08-05T19:19:04Z">
          <reporter-output>
          </reporter-output>
        </test-method> <!-- tearDown -->
      </class> <!-- TestForm.DataDriveFormTest -->
    </test> <!-- Default test -->
  </suite> <!-- Default suite -->
</testng-results>
